TN:
SF:src\modules\actions.js
FN:7,(anonymous_0)
FN:8,(anonymous_1)
FN:16,(anonymous_2)
FN:19,(anonymous_3)
FN:28,(anonymous_4)
FN:40,(anonymous_5)
FN:43,(anonymous_6)
FN:56,(anonymous_7)
FN:59,(anonymous_8)
FN:71,(anonymous_9)
FN:80,(anonymous_10)
FN:81,(anonymous_11)
FN:89,(anonymous_12)
FN:91,(anonymous_13)
FNF:14
FNH:7
FNDA:4,(anonymous_0)
FNDA:7,(anonymous_1)
FNDA:1,(anonymous_2)
FNDA:1,(anonymous_3)
FNDA:2,(anonymous_4)
FNDA:1,(anonymous_5)
FNDA:1,(anonymous_6)
FNDA:0,(anonymous_7)
FNDA:0,(anonymous_8)
FNDA:0,(anonymous_9)
FNDA:0,(anonymous_10)
FNDA:0,(anonymous_11)
FNDA:0,(anonymous_12)
FNDA:0,(anonymous_13)
DA:7,4
DA:8,1
DA:9,7
DA:10,1
DA:12,6
DA:16,1
DA:17,1
DA:18,1
DA:19,1
DA:20,1
DA:21,1
DA:22,1
DA:28,1
DA:29,2
DA:30,2
DA:31,2
DA:32,2
DA:33,2
DA:34,2
DA:40,1
DA:41,1
DA:42,1
DA:43,1
DA:44,1
DA:45,1
DA:46,1
DA:47,1
DA:50,1
DA:56,1
DA:57,0
DA:58,0
DA:59,0
DA:60,0
DA:61,0
DA:62,0
DA:63,0
DA:64,0
DA:71,1
DA:72,0
DA:73,0
DA:74,0
DA:75,0
DA:80,1
DA:81,0
DA:82,0
DA:83,0
DA:84,0
DA:85,0
DA:89,1
DA:91,1
DA:92,0
DA:93,0
LF:52
LH:33
BRDA:9,0,0,1
BRDA:9,0,1,6
BRDA:30,1,0,2
BRDA:30,1,1,0
BRDA:41,2,0,1
BRDA:41,2,1,0
BRDA:44,3,0,1
BRDA:44,3,1,0
BRDA:62,4,0,0
BRDA:62,4,1,0
BRF:10
BRH:5
end_of_record
TN:
SF:src\modules\injectHtml.js
FN:1,(anonymous_0)
FNF:1
FNH:1
FNDA:2,(anonymous_0)
DA:2,2
DA:3,2
DA:4,2
DA:5,2
DA:6,2
DA:17,2
LF:6
LH:6
BRF:0
BRH:0
end_of_record
